<?xml version="1.0" encoding="UTF-8"?>
<!-- Generated by org.testng.reporters.JUnitReportReporter -->
<testsuite hostname="Shovons-MBP.lan" failures="0" tests="5" name="runner.testRunner" time="0.100" errors="0" timestamp="02 Mar 2024 21:21:05 GMT" skipped="0">
  <testcase classname="runner.testRunner" name="runScenario" time="0.009"/>
  <testcase classname="runner.testRunner" name="runScenario" time="0.076"/>
  <testcase classname="runner.testRunner" name="runScenario" time="0.008"/>
  <testcase classname="runner.testRunner" name="runScenario" time="0.004"/>
  <testcase classname="runner.testRunner" name="runScenario" time="0.003"/>
</testsuite> <!-- runner.testRunner -->
